TN:
SF:F:\_proj\_Tech-tests\GO1\UserLocationTrainingEventMapRecommendations\src\polyfills.ts
FNF:0
FNH:0
DA:46,1
DA:74,1
LF:2
LH:2
BRF:0
BRH:0
end_of_record
TN:
SF:F:\_proj\_Tech-tests\GO1\UserLocationTrainingEventMapRecommendations\src\test.ts
FNF:0
FNH:0
DA:3,1
DA:4,1
DA:5,1
DA:13,1
DA:18,1
DA:20,1
LF:6
LH:6
BRF:0
BRH:0
end_of_record
TN:
SF:F:\_proj\_Tech-tests\GO1\UserLocationTrainingEventMapRecommendations\src\app\app.component.ts
FN:8,(anonymous_1)
FN:3,AppComponent
FNF:2
FNH:2
FNDA:1,(anonymous_1)
FNDA:3,AppComponent
DA:1,1
DA:8,1
DA:9,3
DA:10,1
LF:4
LH:4
BRF:0
BRH:0
end_of_record
TN:
SF:F:\_proj\_Tech-tests\GO1\UserLocationTrainingEventMapRecommendations\src\app\components\event-detail\event-detail.component.ts
FN:12,(anonymous_2)
FN:14,EventDetailComponent
FN:21,(anonymous_4)
FN:34,(anonymous_5)
FNF:4
FNH:1
FNDA:1,(anonymous_2)
FNDA:0,EventDetailComponent
FNDA:0,(anonymous_4)
FNDA:0,(anonymous_5)
DA:1,1
DA:2,1
DA:5,1
DA:12,1
DA:13,1
DA:15,0
DA:16,0
DA:21,1
DA:22,0
DA:23,0
DA:34,1
DA:39,0
DA:40,0
DA:42,0
DA:44,0
DA:46,1
LF:16
LH:8
BRF:0
BRH:0
end_of_record
TN:
SF:F:\_proj\_Tech-tests\GO1\UserLocationTrainingEventMapRecommendations\src\app\components\event-list-item\event-list-item.component.ts
FN:11,(anonymous_2)
FN:13,EventListItemComponent
FN:17,(anonymous_4)
FN:20,(anonymous_5)
FNF:4
FNH:1
FNDA:1,(anonymous_2)
FNDA:0,EventListItemComponent
FNDA:0,(anonymous_4)
FNDA:0,(anonymous_5)
DA:1,1
DA:2,1
DA:11,1
DA:12,1
DA:13,0
DA:17,1
DA:20,1
DA:21,0
DA:23,1
LF:9
LH:7
BRF:0
BRH:0
end_of_record
TN:
SF:F:\_proj\_Tech-tests\GO1\UserLocationTrainingEventMapRecommendations\src\app\pages\map-view-page\map-view-page.component.ts
FN:14,(anonymous_2)
FN:19,MapViewPageComponent
FN:26,(anonymous_4)
FN:30,(anonymous_5)
FN:48,(anonymous_6)
FN:66,(anonymous_7)
FN:71,(anonymous_8)
FN:83,(anonymous_9)
FN:127,(anonymous_10)
FN:142,(anonymous_11)
FNF:10
FNH:5
FNDA:1,(anonymous_2)
FNDA:1,MapViewPageComponent
FNDA:1,(anonymous_4)
FNDA:1,(anonymous_5)
FNDA:1,(anonymous_6)
FNDA:0,(anonymous_7)
FNDA:0,(anonymous_8)
FNDA:0,(anonymous_9)
FNDA:0,(anonymous_10)
FNDA:0,(anonymous_11)
DA:1,1
DA:4,1
DA:5,1
DA:14,1
DA:16,1
DA:20,1
DA:21,1
DA:26,1
DA:30,1
DA:33,1
DA:35,0
DA:37,0
DA:40,0
DA:48,1
DA:49,1
DA:54,0
DA:56,0
DA:66,1
DA:71,0
DA:72,0
DA:83,1
DA:88,0
DA:93,0
DA:100,0
DA:112,0
DA:116,0
DA:119,0
DA:121,0
DA:122,0
DA:125,0
DA:128,0
DA:129,0
DA:133,0
DA:142,1
DA:143,0
DA:144,0
DA:145,0
DA:149,1
LF:38
LH:16
BRF:0
BRH:0
end_of_record
TN:
SF:F:\_proj\_Tech-tests\GO1\UserLocationTrainingEventMapRecommendations\src\app\pages\master-events-list-page\master-events-list-page.component.ts
FN:13,(anonymous_2)
FN:21,MasterEventsListPageComponent
FN:28,(anonymous_4)
FN:45,(anonymous_5)
FN:63,(anonymous_6)
FN:74,(anonymous_7)
FNF:6
FNH:1
FNDA:1,(anonymous_2)
FNDA:0,MasterEventsListPageComponent
FNDA:0,(anonymous_4)
FNDA:0,(anonymous_5)
FNDA:0,(anonymous_6)
FNDA:0,(anonymous_7)
DA:1,1
DA:5,1
DA:6,1
DA:13,1
DA:16,0
DA:17,0
DA:22,0
DA:23,0
DA:28,1
DA:31,0
DA:33,0
DA:45,1
DA:46,0
DA:49,0
DA:50,0
DA:63,1
DA:64,0
DA:65,0
DA:66,0
DA:74,1
DA:75,0
DA:76,0
DA:78,1
LF:23
LH:9
BRF:0
BRH:0
end_of_record
TN:
SF:F:\_proj\_Tech-tests\GO1\UserLocationTrainingEventMapRecommendations\src\app\seed\seed-training-events.ts
FN:23,getRandomInt
FN:32,getRandomFutureEpoch
FN:42,generateFutureDateIso8601
FNF:3
FNH:2
FNDA:14,getRandomInt
FNDA:0,getRandomFutureEpoch
FNDA:14,generateFutureDateIso8601
DA:3,1
DA:11,1
DA:12,1
DA:13,1
DA:14,1
DA:15,1
DA:24,14
DA:27,14
DA:29,14
DA:45,14
DA:47,14
DA:53,14
DA:56,14
DA:57,14
DA:58,14
DA:60,14
DA:62,14
DA:66,1
LF:18
LH:18
BRF:0
BRH:0
end_of_record
TN:
SF:F:\_proj\_Tech-tests\GO1\UserLocationTrainingEventMapRecommendations\src\app\services\geo-utility.service.ts
FN:14,(anonymous_2)
FN:16,GeoUtilityService
FN:24,(anonymous_4)
FN:38,(anonymous_5)
FNF:4
FNH:2
FNDA:1,(anonymous_2)
FNDA:3,GeoUtilityService
FNDA:0,(anonymous_4)
FNDA:0,(anonymous_5)
DA:1,1
DA:14,1
DA:24,1
DA:25,0
DA:26,0
DA:38,1
DA:45,0
DA:46,0
DA:47,0
DA:48,0
DA:54,0
DA:61,0
DA:63,0
DA:65,1
LF:14
LH:5
BRF:0
BRH:0
end_of_record
TN:
SF:F:\_proj\_Tech-tests\GO1\UserLocationTrainingEventMapRecommendations\src\app\services\geolocation.service.ts
FN:8,(anonymous_2)
FN:14,GeolocationService
FN:21,(anonymous_4)
FN:23,(anonymous_5)
FNF:4
FNH:2
FNDA:1,(anonymous_2)
FNDA:2,GeolocationService
FNDA:0,(anonymous_4)
FNDA:0,(anonymous_5)
DA:2,1
DA:8,1
DA:9,2
DA:21,1
DA:22,0
DA:23,0
DA:24,0
DA:27,0
DA:30,0
DA:35,1
LF:10
LH:5
BRDA:22,0,0,0
BRDA:22,0,1,0
BRF:2
BRH:0
end_of_record
TN:
SF:F:\_proj\_Tech-tests\GO1\UserLocationTrainingEventMapRecommendations\src\app\services\image-retrieval.service.ts
FN:6,(anonymous_2)
FN:8,ImageRetrievalService
FNF:2
FNH:2
FNDA:1,(anonymous_2)
FNDA:1,ImageRetrievalService
DA:1,1
DA:6,1
DA:9,1
LF:3
LH:3
BRF:0
BRH:0
end_of_record
TN:
SF:F:\_proj\_Tech-tests\GO1\UserLocationTrainingEventMapRecommendations\src\app\services\mock-training-event-api.service.ts
FN:10,(anonymous_2)
FN:12,MockTrainingEventApiService
FN:26,(anonymous_4)
FN:28,(anonymous_5)
FN:46,(anonymous_6)
FN:60,(anonymous_7)
FN:83,(anonymous_8)
FN:90,(anonymous_9)
FN:114,(anonymous_10)
FN:135,(anonymous_11)
FN:151,(anonymous_12)
FN:157,(anonymous_13)
FN:177,(anonymous_14)
FN:207,(anonymous_15)
FN:227,(anonymous_16)
FNF:15
FNH:2
FNDA:1,(anonymous_2)
FNDA:2,MockTrainingEventApiService
FNDA:0,(anonymous_4)
FNDA:0,(anonymous_5)
FNDA:0,(anonymous_6)
FNDA:0,(anonymous_7)
FNDA:0,(anonymous_8)
FNDA:0,(anonymous_9)
FNDA:0,(anonymous_10)
FNDA:0,(anonymous_11)
FNDA:0,(anonymous_12)
FNDA:0,(anonymous_13)
FNDA:0,(anonymous_14)
FNDA:0,(anonymous_15)
FNDA:0,(anonymous_16)
DA:1,1
DA:4,1
DA:5,1
DA:10,1
DA:12,2
DA:26,1
DA:27,0
DA:28,0
DA:29,0
DA:30,0
DA:33,0
DA:46,1
DA:47,0
DA:49,0
DA:60,1
DA:61,0
DA:63,0
DA:64,0
DA:68,0
DA:69,0
DA:71,0
DA:83,1
DA:85,0
DA:87,0
DA:90,0
DA:91,0
DA:92,0
DA:95,0
DA:97,0
DA:102,0
DA:114,1
DA:116,0
DA:125,0
DA:135,1
DA:139,0
DA:140,0
DA:142,0
DA:151,1
DA:154,0
DA:156,0
DA:159,0
DA:163,0
DA:167,0
DA:177,1
DA:183,0
DA:194,0
DA:207,1
DA:213,0
DA:217,0
DA:227,1
DA:231,1
LF:51
LH:16
BRDA:46,0,0,0
BRDA:46,0,1,0
BRDA:60,1,0,0
BRDA:60,1,1,0
BRDA:85,2,0,0
BRDA:85,2,1,0
BRDA:116,3,0,0
BRDA:116,3,1,0
BRDA:217,4,0,0
BRDA:217,4,1,0
BRF:10
BRH:0
end_of_record
