TN:
SF:F:\_proj\_Tech-tests\GO1\UserLocationTrainingEventMapRecommendations\src\polyfills.ts
FNF:0
FNH:0
DA:46,1
DA:74,1
LF:2
LH:2
BRF:0
BRH:0
end_of_record
TN:
SF:F:\_proj\_Tech-tests\GO1\UserLocationTrainingEventMapRecommendations\src\test.ts
FNF:0
FNH:0
DA:3,1
DA:4,1
DA:5,1
DA:13,1
DA:18,1
DA:20,1
LF:6
LH:6
BRF:0
BRH:0
end_of_record
TN:
SF:F:\_proj\_Tech-tests\GO1\UserLocationTrainingEventMapRecommendations\src\app\app.component.ts
FN:8,(anonymous_1)
FN:3,AppComponent
FNF:2
FNH:2
FNDA:1,(anonymous_1)
FNDA:3,AppComponent
DA:1,1
DA:8,1
DA:9,3
DA:10,1
LF:4
LH:4
BRF:0
BRH:0
end_of_record
TN:
SF:F:\_proj\_Tech-tests\GO1\UserLocationTrainingEventMapRecommendations\src\app\components\event-detail\event-detail.component.ts
FN:12,(anonymous_2)
FN:14,EventDetailComponent
FN:21,(anonymous_4)
FN:34,(anonymous_5)
FNF:4
FNH:4
FNDA:1,(anonymous_2)
FNDA:1,EventDetailComponent
FNDA:1,(anonymous_4)
FNDA:1,(anonymous_5)
DA:1,1
DA:2,1
DA:5,1
DA:12,1
DA:13,1
DA:15,1
DA:16,1
DA:21,1
DA:22,1
DA:23,1
DA:34,1
DA:39,1
DA:40,1
DA:42,1
DA:44,1
DA:46,1
LF:16
LH:16
BRF:0
BRH:0
end_of_record
TN:
SF:F:\_proj\_Tech-tests\GO1\UserLocationTrainingEventMapRecommendations\src\app\components\event-list-item\event-list-item.component.ts
FN:11,(anonymous_2)
FN:13,EventListItemComponent
FN:17,(anonymous_4)
FN:20,(anonymous_5)
FNF:4
FNH:3
FNDA:1,(anonymous_2)
FNDA:1,EventListItemComponent
FNDA:1,(anonymous_4)
FNDA:0,(anonymous_5)
DA:1,1
DA:2,1
DA:11,1
DA:12,1
DA:13,1
DA:17,1
DA:20,1
DA:21,0
DA:23,1
LF:9
LH:8
BRF:0
BRH:0
end_of_record
TN:
SF:F:\_proj\_Tech-tests\GO1\UserLocationTrainingEventMapRecommendations\src\app\mocks\google-maps-mock.js
FN:3,(anonymous_0)
FN:8,(anonymous_1)
FN:9,(anonymous_2)
FN:12,(anonymous_3)
FN:14,(anonymous_4)
FN:15,(anonymous_5)
FN:18,(anonymous_6)
FN:21,(anonymous_7)
FN:24,(anonymous_8)
FN:27,(anonymous_9)
FN:30,(anonymous_10)
FN:33,(anonymous_11)
FN:36,(anonymous_12)
FNF:13
FNH:4
FNDA:1,(anonymous_0)
FNDA:0,(anonymous_1)
FNDA:0,(anonymous_2)
FNDA:0,(anonymous_3)
FNDA:0,(anonymous_4)
FNDA:0,(anonymous_5)
FNDA:0,(anonymous_6)
FNDA:1,(anonymous_7)
FNDA:1,(anonymous_8)
FNDA:0,(anonymous_9)
FNDA:1,(anonymous_10)
FNDA:0,(anonymous_11)
FNDA:0,(anonymous_12)
DA:1,1
DA:4,1
DA:8,0
DA:9,0
DA:13,0
DA:14,0
DA:15,0
DA:19,0
DA:22,1
DA:25,1
DA:28,0
DA:31,1
DA:34,0
DA:37,0
LF:14
LH:5
BRF:0
BRH:0
end_of_record
TN:
SF:F:\_proj\_Tech-tests\GO1\UserLocationTrainingEventMapRecommendations\src\app\pages\map-view-page\map-view-page.component.ts
FN:14,(anonymous_2)
FN:19,MapViewPageComponent
FN:26,(anonymous_4)
FN:30,(anonymous_5)
FN:48,(anonymous_6)
FN:65,(anonymous_7)
FN:70,(anonymous_8)
FN:82,(anonymous_9)
FN:126,(anonymous_10)
FN:141,(anonymous_11)
FNF:10
FNH:8
FNDA:1,(anonymous_2)
FNDA:1,MapViewPageComponent
FNDA:1,(anonymous_4)
FNDA:1,(anonymous_5)
FNDA:1,(anonymous_6)
FNDA:1,(anonymous_7)
FNDA:1,(anonymous_8)
FNDA:1,(anonymous_9)
FNDA:0,(anonymous_10)
FNDA:0,(anonymous_11)
DA:1,1
DA:4,1
DA:5,1
DA:14,1
DA:16,1
DA:20,1
DA:21,1
DA:26,1
DA:30,1
DA:33,1
DA:35,1
DA:37,1
DA:40,1
DA:48,1
DA:49,1
DA:53,1
DA:55,1
DA:65,1
DA:70,1
DA:71,1
DA:82,1
DA:87,1
DA:92,1
DA:99,1
DA:111,1
DA:115,1
DA:118,1
DA:120,1
DA:121,1
DA:124,1
DA:127,0
DA:128,0
DA:132,0
DA:141,1
DA:142,0
DA:143,0
DA:144,0
DA:148,1
LF:38
LH:32
BRF:0
BRH:0
end_of_record
TN:
SF:F:\_proj\_Tech-tests\GO1\UserLocationTrainingEventMapRecommendations\src\app\pages\master-events-list-page\master-events-list-page.component.ts
FN:13,(anonymous_2)
FN:21,MasterEventsListPageComponent
FN:28,(anonymous_4)
FN:45,(anonymous_5)
FN:63,(anonymous_6)
FN:74,(anonymous_7)
FNF:6
FNH:1
FNDA:1,(anonymous_2)
FNDA:0,MasterEventsListPageComponent
FNDA:0,(anonymous_4)
FNDA:0,(anonymous_5)
FNDA:0,(anonymous_6)
FNDA:0,(anonymous_7)
DA:1,1
DA:5,1
DA:6,1
DA:13,1
DA:16,0
DA:17,0
DA:22,0
DA:23,0
DA:28,1
DA:31,0
DA:33,0
DA:45,1
DA:46,0
DA:49,0
DA:50,0
DA:63,1
DA:64,0
DA:65,0
DA:66,0
DA:74,1
DA:75,0
DA:76,0
DA:78,1
LF:23
LH:9
BRF:0
BRH:0
end_of_record
TN:
SF:F:\_proj\_Tech-tests\GO1\UserLocationTrainingEventMapRecommendations\src\app\seed\seed-training-events.ts
FN:23,getRandomInt
FN:32,getRandomFutureEpoch
FN:42,generateFutureDateIso8601
FNF:3
FNH:2
FNDA:14,getRandomInt
FNDA:0,getRandomFutureEpoch
FNDA:14,generateFutureDateIso8601
DA:3,1
DA:11,1
DA:12,1
DA:13,1
DA:14,1
DA:15,1
DA:24,14
DA:27,14
DA:29,14
DA:45,14
DA:47,14
DA:53,14
DA:56,14
DA:57,14
DA:58,14
DA:60,14
DA:62,14
DA:66,1
LF:18
LH:18
BRF:0
BRH:0
end_of_record
TN:
SF:F:\_proj\_Tech-tests\GO1\UserLocationTrainingEventMapRecommendations\src\app\services\geo-utility.service.ts
FN:14,(anonymous_2)
FN:16,GeoUtilityService
FN:37,(anonymous_4)
FN:52,(anonymous_5)
FNF:4
FNH:4
FNDA:1,(anonymous_2)
FNDA:7,GeoUtilityService
FNDA:40,(anonymous_4)
FNDA:8,(anonymous_5)
DA:1,1
DA:14,1
DA:17,7
DA:18,7
DA:37,1
DA:38,40
DA:39,40
DA:40,40
DA:52,1
DA:59,8
DA:60,8
DA:61,8
DA:62,8
DA:68,8
DA:75,8
DA:76,8
DA:78,8
DA:80,1
LF:18
LH:18
BRF:0
BRH:0
end_of_record
TN:
SF:F:\_proj\_Tech-tests\GO1\UserLocationTrainingEventMapRecommendations\src\app\services\geolocation.service.ts
FN:8,(anonymous_2)
FN:14,GeolocationService
FN:21,(anonymous_4)
FN:23,(anonymous_5)
FNF:4
FNH:2
FNDA:1,(anonymous_2)
FNDA:2,GeolocationService
FNDA:0,(anonymous_4)
FNDA:0,(anonymous_5)
DA:2,1
DA:8,1
DA:9,2
DA:21,1
DA:22,0
DA:23,0
DA:24,0
DA:27,0
DA:30,0
DA:35,1
LF:10
LH:5
BRDA:22,0,0,0
BRDA:22,0,1,0
BRF:2
BRH:0
end_of_record
TN:
SF:F:\_proj\_Tech-tests\GO1\UserLocationTrainingEventMapRecommendations\src\app\services\mock-training-event-api.service.ts
FN:10,(anonymous_2)
FN:12,MockTrainingEventApiService
FN:26,(anonymous_4)
FN:28,(anonymous_5)
FN:46,(anonymous_6)
FN:60,(anonymous_7)
FN:83,(anonymous_8)
FN:90,(anonymous_9)
FN:114,(anonymous_10)
FN:135,(anonymous_11)
FN:151,(anonymous_12)
FN:157,(anonymous_13)
FN:177,(anonymous_14)
FN:207,(anonymous_15)
FN:227,(anonymous_16)
FNF:15
FNH:10
FNDA:1,(anonymous_2)
FNDA:4,MockTrainingEventApiService
FNDA:3,(anonymous_4)
FNDA:6,(anonymous_5)
FNDA:1,(anonymous_6)
FNDA:1,(anonymous_7)
FNDA:0,(anonymous_8)
FNDA:0,(anonymous_9)
FNDA:0,(anonymous_10)
FNDA:0,(anonymous_11)
FNDA:1,(anonymous_12)
FNDA:39,(anonymous_13)
FNDA:39,(anonymous_14)
FNDA:39,(anonymous_15)
FNDA:0,(anonymous_16)
DA:1,1
DA:4,1
DA:5,1
DA:10,1
DA:12,4
DA:26,1
DA:27,3
DA:28,3
DA:29,6
DA:30,6
DA:33,3
DA:46,1
DA:47,1
DA:49,1
DA:60,2
DA:61,1
DA:63,1
DA:64,1
DA:68,1
DA:69,1
DA:71,1
DA:83,1
DA:85,0
DA:87,0
DA:90,0
DA:91,0
DA:92,0
DA:95,0
DA:97,0
DA:102,0
DA:114,1
DA:116,0
DA:125,0
DA:135,1
DA:139,0
DA:140,0
DA:142,0
DA:151,1
DA:154,1
DA:156,1
DA:159,39
DA:163,39
DA:167,1
DA:177,1
DA:183,39
DA:194,39
DA:207,1
DA:213,39
DA:217,39
DA:227,1
DA:231,1
LF:51
LH:38
BRDA:46,0,0,0
BRDA:46,0,1,1
BRDA:60,1,0,1
BRDA:60,1,1,0
BRDA:85,2,0,0
BRDA:85,2,1,0
BRDA:116,3,0,0
BRDA:116,3,1,0
BRDA:217,4,0,14
BRDA:217,4,1,25
BRF:10
BRH:4
end_of_record
